0 info it worked if it ends with ok
1 verbose cli [ 'C:\\Program Files\\nodejs\\\\node.exe',
1 verbose cli   'C:\\Program Files\\nodejs\\node_modules\\npm\\bin\\npm-cli.js',
1 verbose cli   'install',
1 verbose cli   '-S',
1 verbose cli   '\'jsdom@latest\'' ]
2 info using npm@2.5.1
3 info using node@v0.12.0
4 verbose node symlink C:\Program Files\nodejs\\node.exe
5 silly cache add args [ '\'jsdom@latest\'', null ]
6 verbose cache add spec 'jsdom@latest'
7 silly cache add parsed spec { raw: '\'jsdom@latest\'',
7 silly cache add   scope: null,
7 silly cache add   name: null,
7 silly cache add   rawSpec: '\'jsdom@latest\'',
7 silly cache add   spec: 'C:\\Users\\lee12_000\\Documents\\GitAndroid\\yes-no-why\\\'jsdom@latest\'',
7 silly cache add   type: 'local' }
8 error addLocal Could not install C:\Users\lee12_000\Documents\GitAndroid\yes-no-why\'jsdom@latest'
9 verbose stack Error: ENOENT, open 'C:\Users\lee12_000\Documents\GitAndroid\yes-no-why\'jsdom@latest''
9 verbose stack     at Error (native)
10 verbose cwd C:\Users\lee12_000\Documents\GitAndroid\yes-no-why
11 error Windows_NT 6.3.9600
12 error argv "C:\\Program Files\\nodejs\\\\node.exe" "C:\\Program Files\\nodejs\\node_modules\\npm\\bin\\npm-cli.js" "install" "-S" "'jsdom@latest'"
13 error node v0.12.0
14 error npm  v2.5.1
15 error path C:\Users\lee12_000\Documents\GitAndroid\yes-no-why\'jsdom@latest'
16 error code ENOENT
17 error errno -4058
18 error enoent ENOENT, open 'C:\Users\lee12_000\Documents\GitAndroid\yes-no-why\'jsdom@latest''
18 error enoent This is most likely not a problem with npm itself
18 error enoent and is related to npm not being able to find a file.
19 verbose exit [ -4058, true ]
